<?xml version="1.0" encoding="UTF-8"?>
<!-- Generated by org.testng.reporters.JUnitReportReporter -->
<testsuite hostname="DESKTOP-KIS4N2E" failures="0" tests="1" name="coverFoxTest.CF_TC556_Validate_pinCode_ErrorMsg" time="11.258" errors="0" timestamp="2024-01-03T20:09:39 IST" skipped="0">
  <testcase classname="coverFoxTest.CF_TC556_Validate_pinCode_ErrorMsg" name="validate_pinCode_ErrorMsg" time="11.258">
    <system-out>
      <![CDATA[Validating pinCode Error msg
TC is passed]]>
    </system-out>
  </testcase> <!-- validate_pinCode_ErrorMsg -->
  <system-out>
    <![CDATA[Launching browser 
Reading data from excelSheet
Reading data from excelSheet
Entering mobile Num..
Validating pinCode Error msg
TC is passed
Closing browser 
Launching browser 
clicking on gender button 
clicking on next button 
Handeling age drop down 
Reading data from excelSheet
Clicking on next button 
Entering pin code 
Reading data from excelSheet
Entering mobile num 
Reading data from excelSheet
Entering mobile Num..
Clicking on continue button 
Fetching number of results from text 
Fetching number of results from Banners 
TC is passed 
Closing browser ]]>
  </system-out>
</testsuite> <!-- coverFoxTest.CF_TC556_Validate_pinCode_ErrorMsg -->
