<?xml version="1.0" encoding="UTF-8"?>
<!-- Generated by org.testng.reporters.JUnitReportReporter -->
<testsuite hostname="DESKTOP-KIS4N2E" failures="0" tests="1" name="testNGKeyWords.TimeOutUse" time="5.026" errors="0" timestamp="2023-12-20T19:39:48 IST" skipped="0">
  <testcase classname="testNGKeyWords.TimeOutUse" name="payment" time="5.026">
    <system-out>
      <![CDATA[Payment done successfully..]]>
    </system-out>
  </testcase> <!-- payment -->
  <system-out>
    <![CDATA[Payment done successfully..]]>
  </system-out>
</testsuite> <!-- testNGKeyWords.TimeOutUse -->
