<?xml version="1.0" encoding="UTF-8"?>
<!-- Generated by org.testng.reporters.JUnitReportReporter -->
<testsuite hostname="DESKTOP-KIS4N2E" failures="0" tests="1" name="testNGAssertions.FirefOxTest" time="6.404" errors="0" timestamp="2023-12-25T20:30:29 IST" skipped="0">
  <testcase classname="testNGAssertions.FirefOxTest" name="f" time="6.404"/>
</testsuite> <!-- testNGAssertions.FirefOxTest -->
