<?xml version="1.0" encoding="UTF-8"?>
<!-- Generated by org.testng.reporters.JUnitReportReporter -->
<testsuite hostname="DESKTOP-KIS4N2E" failures="0" tests="4" name="testNGxmlUse.MyClass2" time="0.010" errors="0" timestamp="2023-12-21T20:33:57 IST" skipped="0">
  <testcase classname="testNGxmlUse.MyClass2" name="Tc6" time="0.002">
    <system-out>
      <![CDATA[TC 6 is running]]>
    </system-out>
  </testcase> <!-- Tc6 -->
  <testcase classname="testNGxmlUse.MyClass2" name="Tc8" time="0.002">
    <system-out>
      <![CDATA[TC 8 is running]]>
    </system-out>
  </testcase> <!-- Tc8 -->
  <testcase classname="testNGxmlUse.MyClass2" name="Tc5" time="0.004">
    <system-out>
      <![CDATA[TC 5 is running]]>
    </system-out>
  </testcase> <!-- Tc5 -->
  <testcase classname="testNGxmlUse.MyClass2" name="Tc7" time="0.002">
    <system-out>
      <![CDATA[TC 7 is running]]>
    </system-out>
  </testcase> <!-- Tc7 -->
  <system-out>
    <![CDATA[TC 1 is running
TC 2 is running
TC 3 is running
TC 4 is running
TC 5 is running
TC 6 is running
TC 7 is running
TC 8 is running]]>
  </system-out>
</testsuite> <!-- testNGxmlUse.MyClass2 -->
