<?xml version="1.0" encoding="UTF-8"?>
<!-- Generated by org.testng.reporters.JUnitReportReporter -->
<testsuite hostname="DESKTOP-KIS4N2E" failures="0" tests="3" name="testNgStudy.TestNGClass3" time="4.042" errors="0" timestamp="2023-12-16T20:59:12 IST" skipped="0">
  <testcase classname="testNgStudy.TestNGClass3" name="intaLaunch" time="1.745">
    <system-out>
      <![CDATA[Insta launching]]>
    </system-out>
  </testcase> <!-- intaLaunch -->
  <testcase classname="testNgStudy.TestNGClass3" name="fbLaunch" time="0.976">
    <system-out>
      <![CDATA[FB launching]]>
    </system-out>
  </testcase> <!-- fbLaunch -->
  <testcase classname="testNgStudy.TestNGClass3" name="twitterLaunch" time="1.321">
    <system-out>
      <![CDATA[Twitter launching]]>
    </system-out>
  </testcase> <!-- twitterLaunch -->
  <system-out>
    <![CDATA[FB launching
Insta launching
Twitter launching]]>
  </system-out>
</testsuite> <!-- testNgStudy.TestNGClass3 -->
