<?xml version="1.0" encoding="UTF-8"?>
<!-- Generated by org.testng.reporters.JUnitReportReporter -->
<testsuite hostname="DESKTOP-KIS4N2E" failures="0" tests="1" name="serialAndParallel.Amazon" time="7.690" errors="0" timestamp="2023-12-27T21:13:25 IST" skipped="0">
  <testcase classname="serialAndParallel.Amazon" name="amazonTest" time="7.690"/>
</testsuite> <!-- serialAndParallel.Amazon -->
