<?xml version="1.0" encoding="UTF-8"?>
<!-- Generated by org.testng.reporters.JUnitReportReporter -->
<testsuite hostname="DESKTOP-KIS4N2E" failures="0" tests="1" name="testNgStudy.TestNgClass2" time="0.011" errors="0" timestamp="2023-12-16T20:05:52 IST" skipped="0">
  <testcase classname="testNgStudy.TestNgClass2" name="myMethod" time="0.011">
    <system-out>
      <![CDATA[HI this is Reporter, without boolean parameter
Hi this is Reporter, with boolean parameter]]>
    </system-out>
  </testcase> <!-- myMethod -->
  <system-out>
    <![CDATA[HI this is Reporter, without boolean parameter
Hi this is Reporter, with boolean parameter]]>
  </system-out>
</testsuite> <!-- testNgStudy.TestNgClass2 -->
