<?xml version="1.0" encoding="UTF-8"?>
<!-- Generated by org.testng.reporters.JUnitReportReporter -->
<testsuite hostname="DESKTOP-KIS4N2E" failures="0" tests="2" name="crossBrowserTesting.CBTest" time="33.500" errors="0" timestamp="2023-12-27T21:03:39 IST" skipped="0">
  <testcase classname="crossBrowserTesting.CBTest" name="f" time="18.119"/>
  <testcase classname="crossBrowserTesting.CBTest" name="f" time="15.381"/>
</testsuite> <!-- crossBrowserTesting.CBTest -->
