<?xml version="1.0" encoding="UTF-8"?>
<!-- Generated by org.testng.reporters.JUnitReportReporter -->
<testsuite hostname="DESKTOP-KIS4N2E" failures="0" tests="2" name="testNgAnnotations.BeforeMethodUse" time="0.016" errors="0" timestamp="2023-12-18T20:26:10 IST" skipped="0">
  <testcase classname="testNgAnnotations.BeforeMethodUse" name="myMethod1" time="0.013">
    <system-out>
      <![CDATA[TC myMethod1 is running]]>
    </system-out>
  </testcase> <!-- myMethod1 -->
  <testcase classname="testNgAnnotations.BeforeMethodUse" name="myMethod2" time="0.003">
    <system-out>
      <![CDATA[TC myMethod2 is running]]>
    </system-out>
  </testcase> <!-- myMethod2 -->
  <system-out>
    <![CDATA[hi is done
Login is done
TC myMethod1 is running
LogOut is done
hi is done
Login is done
TC myMethod2 is running
LogOut is done]]>
  </system-out>
</testsuite> <!-- testNgAnnotations.BeforeMethodUse -->
