<?xml version="1.0" encoding="UTF-8"?>
<!-- Generated by org.testng.reporters.JUnitReportReporter -->
<testsuite hostname="DESKTOP-KIS4N2E" failures="0" tests="2" name="testNgAnnotations.BeforeClassUse" time="0.016" errors="0" timestamp="2023-12-19T19:28:02 IST" skipped="0">
  <testcase classname="testNgAnnotations.BeforeClassUse" name="TC1" time="0.010">
    <system-out>
      <![CDATA[TC 1 is running]]>
    </system-out>
  </testcase> <!-- TC1 -->
  <testcase classname="testNgAnnotations.BeforeClassUse" name="TC2" time="0.006">
    <system-out>
      <![CDATA[TC 2 is running]]>
    </system-out>
  </testcase> <!-- TC2 -->
  <system-out>
    <![CDATA[Open browser-->Before class
Before method is running
TC 1 is running
after method is running
Before method is running
TC 2 is running
after method is running
Close browser-->after class]]>
  </system-out>
</testsuite> <!-- testNgAnnotations.BeforeClassUse -->
