<?xml version="1.0" encoding="UTF-8"?>
<!-- Generated by org.testng.reporters.JUnitReportReporter -->
<testsuite hostname="DESKTOP-KIS4N2E" failures="0" tests="1" name="testNgStudy.TestNg1stClass" time="4.840" errors="0" timestamp="2023-12-15T20:22:20 IST" skipped="0">
  <testcase classname="testNgStudy.TestNg1stClass" name="myTest" time="4.840"/>
</testsuite> <!-- testNgStudy.TestNg1stClass -->
