<?xml version="1.0" encoding="UTF-8"?>
<!-- Generated by org.testng.reporters.JUnitReportReporter -->
<testsuite hostname="DESKTOP-KIS4N2E" failures="0" tests="2" name="testNgAnnotations.TestClass1" time="0.010" errors="0" timestamp="2023-12-19T19:50:25 IST" skipped="0">
  <testcase classname="testNgAnnotations.TestClass1" name="TC1" time="0.008">
    <system-out>
      <![CDATA[Running TC1 ]]>
    </system-out>
  </testcase> <!-- TC1 -->
  <testcase classname="testNgAnnotations.TestClass1" name="TC2" time="0.002">
    <system-out>
      <![CDATA[Running TC2 ]]>
    </system-out>
  </testcase> <!-- TC2 -->
  <system-out>
    <![CDATA[Before suite is running
Before test is running
Before class is runing
Before method is runnig
Running TC1 
afterMethod method is runnig
Before method is runnig
Running TC2 
afterMethod method is runnig
afterClass class is runing
Before class is runing
Before method is runnig
Running TC3 
afterMethod method is runnig
Before method is runnig
Running TC4 
afterMethod method is runnig
afterClass class is runing
after test is running
After Suite is running]]>
  </system-out>
</testsuite> <!-- testNgAnnotations.TestClass1 -->
