<?xml version="1.0" encoding="UTF-8"?>
<!-- Generated by org.testng.reporters.JUnitReportReporter -->
<testsuite hostname="DESKTOP-KIS4N2E" failures="0" tests="1" name="testNGxmlUse.MyClass" time="0.012" errors="0" timestamp="2023-12-22T20:08:21 IST" skipped="0">
  <testcase classname="testNGxmlUse.MyClass" name="Tc5" time="0.012">
    <system-out>
      <![CDATA[TC 5 is running]]>
    </system-out>
  </testcase> <!-- Tc5 -->
  <system-out>
    <![CDATA[TC 5 is running]]>
  </system-out>
</testsuite> <!-- testNGxmlUse.MyClass -->
