<?xml version="1.0" encoding="UTF-8"?>
<!-- Generated by org.testng.reporters.JUnitReportReporter -->
<testsuite hostname="DESKTOP-KIS4N2E" failures="0" tests="3" name="dataProvider.FBAccountForm" time="27.714" errors="0" timestamp="2023-12-26T20:41:58 IST" skipped="0">
  <testcase classname="dataProvider.FBAccountForm" name="fbTest" time="9.780"/>
  <testcase classname="dataProvider.FBAccountForm" name="fbTest" time="8.746"/>
  <testcase classname="dataProvider.FBAccountForm" name="fbTest" time="9.188"/>
</testsuite> <!-- dataProvider.FBAccountForm -->
