<?xml version="1.0" encoding="UTF-8"?>
<!-- Generated by org.testng.reporters.JUnitReportReporter -->
<testsuite hostname="DESKTOP-KIS4N2E" failures="0" tests="6" name="testNGKeyWords.MixedKeyWords" time="0.019" errors="0" timestamp="2023-12-20T20:25:32 IST" skipped="0">
  <testcase classname="testNGKeyWords.MixedKeyWords" name="a" time="0.001">
    <system-out>
      <![CDATA[TC a is running]]>
    </system-out>
  </testcase> <!-- a -->
  <testcase classname="testNGKeyWords.MixedKeyWords" name="d" time="0.002">
    <system-out>
      <![CDATA[TC d is running]]>
    </system-out>
  </testcase> <!-- d -->
  <testcase classname="testNGKeyWords.MixedKeyWords" name="d" time="0.002">
    <system-out>
      <![CDATA[TC d is running]]>
    </system-out>
  </testcase> <!-- d -->
  <testcase classname="testNGKeyWords.MixedKeyWords" name="c" time="0.002">
    <system-out>
      <![CDATA[TC c is running]]>
    </system-out>
  </testcase> <!-- c -->
  <testcase classname="testNGKeyWords.MixedKeyWords" name="d" time="0.002">
    <system-out>
      <![CDATA[TC d is running]]>
    </system-out>
  </testcase> <!-- d -->
  <testcase classname="testNGKeyWords.MixedKeyWords" name="b" time="0.010">
    <system-out>
      <![CDATA[TC b is running]]>
    </system-out>
  </testcase> <!-- b -->
  <system-out>
    <![CDATA[TC b is running
TC c is running
TC d is running
TC d is running
TC d is running
TC a is running]]>
  </system-out>
</testsuite> <!-- testNGKeyWords.MixedKeyWords -->
