<?xml version="1.0" encoding="UTF-8"?>
<!-- Generated by org.testng.reporters.JUnitReportReporter -->
<testsuite hostname="DESKTOP-KIS4N2E" failures="0" tests="7" name="testNGKeyWords.TestClass2" time="0.015" errors="0" timestamp="2023-12-19T20:32:37 IST" skipped="0">
  <testcase classname="testNGKeyWords.TestClass2" name="a" time="0.010">
    <system-out>
      <![CDATA[TC a is running]]>
    </system-out>
  </testcase> <!-- a -->
  <testcase classname="testNGKeyWords.TestClass2" name="b" time="0.000">
    <system-out>
      <![CDATA[TC b is running]]>
    </system-out>
  </testcase> <!-- b -->
  <testcase classname="testNGKeyWords.TestClass2" name="b" time="0.001">
    <system-out>
      <![CDATA[TC b is running]]>
    </system-out>
  </testcase> <!-- b -->
  <testcase classname="testNGKeyWords.TestClass2" name="b" time="0.001">
    <system-out>
      <![CDATA[TC b is running]]>
    </system-out>
  </testcase> <!-- b -->
  <testcase classname="testNGKeyWords.TestClass2" name="b" time="0.001">
    <system-out>
      <![CDATA[TC b is running]]>
    </system-out>
  </testcase> <!-- b -->
  <testcase classname="testNGKeyWords.TestClass2" name="c" time="0.001">
    <system-out>
      <![CDATA[TC c is running]]>
    </system-out>
  </testcase> <!-- c -->
  <testcase classname="testNGKeyWords.TestClass2" name="b" time="0.001">
    <system-out>
      <![CDATA[TC b is running]]>
    </system-out>
  </testcase> <!-- b -->
  <system-out>
    <![CDATA[TC a is running
TC b is running
TC b is running
TC b is running
TC b is running
TC b is running
TC c is running]]>
  </system-out>
</testsuite> <!-- testNGKeyWords.TestClass2 -->
