<?xml version="1.0" encoding="UTF-8"?>
<!-- Generated by org.testng.reporters.JUnitReportReporter -->
<testsuite hostname="DESKTOP-KIS4N2E" failures="0" tests="3" name="testNgAnnotations.TestAnnottation" time="0.010" errors="0" timestamp="2023-12-18T19:48:34 IST" skipped="0">
  <testcase classname="testNgAnnotations.TestAnnottation" name="z1" time="0.008">
    <system-out>
      <![CDATA[TC z is running]]>
    </system-out>
  </testcase> <!-- z1 -->
  <testcase classname="testNgAnnotations.TestAnnottation" name="z3" time="0.001">
    <system-out>
      <![CDATA[TC y is running]]>
    </system-out>
  </testcase> <!-- z3 -->
  <testcase classname="testNgAnnotations.TestAnnottation" name="z2" time="0.001">
    <system-out>
      <![CDATA[TC x is running]]>
    </system-out>
  </testcase> <!-- z2 -->
  <system-out>
    <![CDATA[TC z is running
TC x is running
TC y is running]]>
  </system-out>
</testsuite> <!-- testNgAnnotations.TestAnnottation -->
