<?xml version="1.0" encoding="UTF-8"?>
<!-- Generated by org.testng.reporters.JUnitReportReporter -->
<testsuite hostname="DESKTOP-KIS4N2E" failures="0" tests="4" name="testNGKeyWords.Priority" time="0.012" errors="0" timestamp="2023-12-20T20:39:25 IST" skipped="0">
  <testcase classname="testNGKeyWords.Priority" name="b" time="0.001">
    <system-out>
      <![CDATA[TC b is running]]>
    </system-out>
  </testcase> <!-- b -->
  <testcase classname="testNGKeyWords.Priority" name="d" time="0.002">
    <system-out>
      <![CDATA[TC d is running]]>
    </system-out>
  </testcase> <!-- d -->
  <testcase classname="testNGKeyWords.Priority" name="a" time="0.001">
    <system-out>
      <![CDATA[TC a is running]]>
    </system-out>
  </testcase> <!-- a -->
  <testcase classname="testNGKeyWords.Priority" name="c" time="0.008">
    <system-out>
      <![CDATA[TC c is running]]>
    </system-out>
  </testcase> <!-- c -->
  <system-out>
    <![CDATA[TC c is running
TC d is running
TC a is running
TC b is running]]>
  </system-out>
</testsuite> <!-- testNGKeyWords.Priority -->
